<?xml version="1.0" encoding="UTF-8"?>
<testng-results ignored="0" total="2" passed="2" failed="0" skipped="0">
  <reporter-output>
    <line>
      <![CDATA[No of rows are::8]]>
    </line>
    <line>
      <![CDATA[Valid username and password::dashboard    http://webapp.qedgetech.com/dashboard.php]]>
    </line>
    <line>
      <![CDATA[Incorrect user ID or password    dashboard   http://webapp.qedgetech.com/login.php]]>
    </line>
    <line>
      <![CDATA[Valid username and password::dashboard    http://webapp.qedgetech.com/dashboard.php]]>
    </line>
    <line>
      <![CDATA[Incorrect user ID or password    dashboard   http://webapp.qedgetech.com/login.php]]>
    </line>
    <line>
      <![CDATA[Valid username and password::dashboard    http://webapp.qedgetech.com/dashboard.php]]>
    </line>
    <line>
      <![CDATA[Valid username and password::dashboard    http://webapp.qedgetech.com/dashboard.php]]>
    </line>
    <line>
      <![CDATA[Valid username and password::dashboard    http://webapp.qedgetech.com/dashboard.php]]>
    </line>
    <line>
      <![CDATA[Valid username and password::dashboard    http://webapp.qedgetech.com/dashboard.php]]>
    </line>
    <line>
      <![CDATA[No of rows are::7]]>
    </line>
    <line>
      <![CDATA[Customer Add Success::Customer-00000010797    Customer-00000010797]]>
    </line>
    <line>
      <![CDATA[Customer Add Success::Customer-00000010798    Customer-00000010798]]>
    </line>
    <line>
      <![CDATA[Customer Add Success::Customer-00000010799    Customer-00000010799]]>
    </line>
    <line>
      <![CDATA[Customer Add Success::Customer-00000010800    Customer-00000010800]]>
    </line>
    <line>
      <![CDATA[Customer Add Success::Customer-00000010801    Customer-00000010801]]>
    </line>
    <line>
      <![CDATA[Customer Add Success::Customer-00000010802    Customer-00000010802]]>
    </line>
    <line>
      <![CDATA[Customer Add Success::Customer-00000010803    Customer-00000010803]]>
    </line>
  </reporter-output>
  <suite started-at="2024-09-23T19:11:53 IST" name="DataDriven" finished-at="2024-09-23T19:15:37 IST" duration-ms="224346">
    <groups>
    </groups>
    <test started-at="2024-09-23T19:11:53 IST" name="LoginTest" finished-at="2024-09-23T19:13:18 IST" duration-ms="85082">
      <class name="driverFactory.DriverScript">
        <test-method is-config="true" signature="setUp()[pri:0, instance:driverFactory.DriverScript@38467116]" started-at="2024-09-23T19:11:53 IST" name="setUp" finished-at="2024-09-23T19:11:57 IST" duration-ms="4023" status="PASS">
          <reporter-output>
          </reporter-output>
        </test-method> <!-- setUp -->
        <test-method signature="starttest()[pri:0, instance:driverFactory.DriverScript@38467116]" started-at="2024-09-23T19:11:57 IST" name="starttest" finished-at="2024-09-23T19:13:17 IST" duration-ms="79721" status="PASS">
          <reporter-output>
            <line>
              <![CDATA[No of rows are::8]]>
            </line>
            <line>
              <![CDATA[Valid username and password::dashboard    http://webapp.qedgetech.com/dashboard.php]]>
            </line>
            <line>
              <![CDATA[Incorrect user ID or password    dashboard   http://webapp.qedgetech.com/login.php]]>
            </line>
            <line>
              <![CDATA[Valid username and password::dashboard    http://webapp.qedgetech.com/dashboard.php]]>
            </line>
            <line>
              <![CDATA[Incorrect user ID or password    dashboard   http://webapp.qedgetech.com/login.php]]>
            </line>
            <line>
              <![CDATA[Valid username and password::dashboard    http://webapp.qedgetech.com/dashboard.php]]>
            </line>
            <line>
              <![CDATA[Valid username and password::dashboard    http://webapp.qedgetech.com/dashboard.php]]>
            </line>
            <line>
              <![CDATA[Valid username and password::dashboard    http://webapp.qedgetech.com/dashboard.php]]>
            </line>
            <line>
              <![CDATA[Valid username and password::dashboard    http://webapp.qedgetech.com/dashboard.php]]>
            </line>
          </reporter-output>
        </test-method> <!-- starttest -->
        <test-method is-config="true" signature="tearDown()[pri:0, instance:driverFactory.DriverScript@38467116]" started-at="2024-09-23T19:13:17 IST" name="tearDown" finished-at="2024-09-23T19:13:18 IST" duration-ms="1021" status="PASS">
          <reporter-output>
          </reporter-output>
        </test-method> <!-- tearDown -->
      </class> <!-- driverFactory.DriverScript -->
    </test> <!-- LoginTest -->
    <test started-at="2024-09-23T19:13:18 IST" name="CustomerTest" finished-at="2024-09-23T19:15:37 IST" duration-ms="139218">
      <class name="driverFactory.TestScript">
        <test-method is-config="true" signature="setUp()[pri:0, instance:driverFactory.TestScript@6933b6c6]" started-at="2024-09-23T19:13:18 IST" name="setUp" finished-at="2024-09-23T19:13:22 IST" duration-ms="4142" status="PASS">
          <reporter-output>
          </reporter-output>
        </test-method> <!-- setUp -->
        <test-method signature="startTest()[pri:0, instance:driverFactory.TestScript@6933b6c6]" started-at="2024-09-23T19:13:22 IST" name="startTest" finished-at="2024-09-23T19:15:35 IST" duration-ms="133532" status="PASS">
          <reporter-output>
            <line>
              <![CDATA[No of rows are::7]]>
            </line>
            <line>
              <![CDATA[Customer Add Success::Customer-00000010797    Customer-00000010797]]>
            </line>
            <line>
              <![CDATA[Customer Add Success::Customer-00000010798    Customer-00000010798]]>
            </line>
            <line>
              <![CDATA[Customer Add Success::Customer-00000010799    Customer-00000010799]]>
            </line>
            <line>
              <![CDATA[Customer Add Success::Customer-00000010800    Customer-00000010800]]>
            </line>
            <line>
              <![CDATA[Customer Add Success::Customer-00000010801    Customer-00000010801]]>
            </line>
            <line>
              <![CDATA[Customer Add Success::Customer-00000010802    Customer-00000010802]]>
            </line>
            <line>
              <![CDATA[Customer Add Success::Customer-00000010803    Customer-00000010803]]>
            </line>
          </reporter-output>
        </test-method> <!-- startTest -->
        <test-method is-config="true" signature="tearDown()[pri:0, instance:driverFactory.TestScript@6933b6c6]" started-at="2024-09-23T19:15:35 IST" name="tearDown" finished-at="2024-09-23T19:15:37 IST" duration-ms="1541" status="PASS">
          <reporter-output>
          </reporter-output>
        </test-method> <!-- tearDown -->
      </class> <!-- driverFactory.TestScript -->
    </test> <!-- CustomerTest -->
  </suite> <!-- DataDriven -->
</testng-results>
